[debug] [2025-10-10T16:30:41.018Z] ----------------------------------------------------------------------
[debug] [2025-10-10T16:30:41.030Z] Command:       /nix/store/ixbb20farqh1f4fqbmsn6b1ixn8mc8ij-nodejs-20.18.1/bin/node /home/user/.global_modules/bin/firebase deploy
[debug] [2025-10-10T16:30:41.030Z] CLI Version:   14.17.0
[debug] [2025-10-10T16:30:41.030Z] Platform:      linux
[debug] [2025-10-10T16:30:41.031Z] Node Version:  v20.18.1
[debug] [2025-10-10T16:30:41.031Z] Time:          Fri Oct 10 2025 16:30:41 GMT+0000 (Coordinated Universal Time)
[debug] [2025-10-10T16:30:41.031Z] ----------------------------------------------------------------------
[debug] 
[debug] [2025-10-10T16:30:41.432Z] Checked if tokens are valid: false, expires at: 1760113176500
[debug] [2025-10-10T16:30:41.436Z] Checked if tokens are valid: false, expires at: 1760113176500
[debug] [2025-10-10T16:30:41.437Z] > refreshing access token with scopes: []
[debug] [2025-10-10T16:30:41.440Z] >>> [apiv2][query] POST https://www.googleapis.com/oauth2/v3/token [none]
[debug] [2025-10-10T16:30:41.440Z] >>> [apiv2][body] POST https://www.googleapis.com/oauth2/v3/token [omitted]
[debug] [2025-10-10T16:30:41.614Z] <<< [apiv2][status] POST https://www.googleapis.com/oauth2/v3/token 200
[debug] [2025-10-10T16:30:41.614Z] <<< [apiv2][body] POST https://www.googleapis.com/oauth2/v3/token [omitted]
[debug] [2025-10-10T16:30:41.631Z] >>> [apiv2][query] GET https://monospace-pa.googleapis.com/v1/workspaces/codenection2025git-88637526 [none]
[debug] [2025-10-10T16:30:42.642Z] <<< [apiv2][status] GET https://monospace-pa.googleapis.com/v1/workspaces/codenection2025git-88637526 200
[debug] [2025-10-10T16:30:42.644Z] <<< [apiv2][body] GET https://monospace-pa.googleapis.com/v1/workspaces/codenection2025git-88637526 {"workspaceId":"codenection2025git-88637526","name":"Codenection2025","workspaceRedirectUrl":"firebase-codenection2025git-1758078224819.cluster-ancjwrkgr5dvux4qug5rbzyc2y.cloudworkstations.dev","status":"WORKSPACE_STATUS_RUNNING","lastAccessDatetime":"2025-10-10T15:02:00.072917Z","workspaceTemplate":"WORKSPACE_TEMPLATE_BLANK_WEB","owner":"SELF","serviceAccountEmail":"msp-1682198564480004405@monospace-per-ws-sa-10.iam.gserviceaccount.com","gitRepoUrl":"https://github.com/JxFong1017/Codenection2025.git","enableNix":true,"ownerEmail":"jxfong357@gmail.com","workstationAccessToken":"eyJhbGciOiJSUzI1NiIsInR5cCI6IkpXVCJ9.eyJpc3MiOiJodHRwczovL2Nsb3VkLmdvb2dsZS5jb20vd29ya3N0YXRpb25zIiwiYXVkIjoiZmlyZWJhc2UtY29kZW5lY3Rpb24yMDI1Z2l0LTE3NTgwNzgyMjQ4MTkuY2x1c3Rlci1hbmNqd3JrZ3I1ZHZ1eDRxdWc1cmJ6eWMyeS5jbG91ZHdvcmtzdGF0aW9ucy5kZXYiLCJpYXQiOjE3NjAxMTM4NDIsImV4cCI6MTc2MDIwMDI0Mn0.QwfUB4g1SI7OEdNxeu6Kwdz-s8sJSMvocPx5sY9WDLFOHNnpGR7VKHJCyKx7fdnN26rl6qad4_yPvMwhhxxztlsFTn10-mwcVFM_lkw9D8NUwEtIoFyqDmCjtLjikLs6MfSAhNSzU3ilM_hLG17T2XG2FKEI9RqyZZ7Fve3Zw2LXrahez1STsgI7kvMB99ccIEz8AH8xm8w2jZAuN2LiO4ibg_Msyr0dCHcSAr5VsWzXu3mJ1PBk2o-QUhuYzZE4KkBayxH7YPUIXgtdYSs9ZKINwOOXh7nDr7H2u-4VOeV4Fej6HOKl7vDe-vPghgqSQfWOwqEEPipyNZ7WBSaZiA","firebaseProjectId":"codenection2025-19a07"}
[debug] [2025-10-10T16:30:42.646Z] > command requires scopes: ["email","openid","https://www.googleapis.com/auth/cloudplatformprojects.readonly","https://www.googleapis.com/auth/firebase","https://www.googleapis.com/auth/cloud-platform","https://www.googleapis.com/auth/userinfo.email"]
[debug] [2025-10-10T16:30:42.647Z] > authorizing via signed-in user (jxfong357@gmail.com)
[debug] [2025-10-10T16:30:42.647Z] [iam] checking project codenection2025-19a07 for permissions ["cloudfunctions.functions.create","cloudfunctions.functions.delete","cloudfunctions.functions.get","cloudfunctions.functions.list","cloudfunctions.functions.update","cloudfunctions.operations.get","datastore.indexes.create","datastore.indexes.delete","datastore.indexes.list","datastore.indexes.update","firebase.projects.get","firebasehosting.sites.update"]
[debug] [2025-10-10T16:30:42.647Z] Checked if tokens are valid: true, expires at: 1760117440616
[debug] [2025-10-10T16:30:42.647Z] Checked if tokens are valid: true, expires at: 1760117440616
[debug] [2025-10-10T16:30:42.648Z] >>> [apiv2][query] POST https://cloudresourcemanager.googleapis.com/v1/projects/codenection2025-19a07:testIamPermissions [none]
[debug] [2025-10-10T16:30:42.648Z] >>> [apiv2][(partial)header] POST https://cloudresourcemanager.googleapis.com/v1/projects/codenection2025-19a07:testIamPermissions x-goog-quota-user=projects/codenection2025-19a07
[debug] [2025-10-10T16:30:42.648Z] >>> [apiv2][body] POST https://cloudresourcemanager.googleapis.com/v1/projects/codenection2025-19a07:testIamPermissions {"permissions":["cloudfunctions.functions.create","cloudfunctions.functions.delete","cloudfunctions.functions.get","cloudfunctions.functions.list","cloudfunctions.functions.update","cloudfunctions.operations.get","datastore.indexes.create","datastore.indexes.delete","datastore.indexes.list","datastore.indexes.update","firebase.projects.get","firebasehosting.sites.update"]}
[debug] [2025-10-10T16:30:43.428Z] <<< [apiv2][status] POST https://cloudresourcemanager.googleapis.com/v1/projects/codenection2025-19a07:testIamPermissions 200
[debug] [2025-10-10T16:30:43.428Z] <<< [apiv2][body] POST https://cloudresourcemanager.googleapis.com/v1/projects/codenection2025-19a07:testIamPermissions {"permissions":["cloudfunctions.functions.create","cloudfunctions.functions.delete","cloudfunctions.functions.get","cloudfunctions.functions.list","cloudfunctions.functions.update","cloudfunctions.operations.get","datastore.indexes.create","datastore.indexes.delete","datastore.indexes.list","datastore.indexes.update","firebase.projects.get","firebasehosting.sites.update"]}
[debug] [2025-10-10T16:30:43.430Z] Checked if tokens are valid: true, expires at: 1760117440616
[debug] [2025-10-10T16:30:43.430Z] Checked if tokens are valid: true, expires at: 1760117440616
[debug] [2025-10-10T16:30:43.430Z] >>> [apiv2][query] POST https://iam.googleapis.com/v1/projects/codenection2025-19a07/serviceAccounts/codenection2025-19a07@appspot.gserviceaccount.com:testIamPermissions [none]
[debug] [2025-10-10T16:30:43.430Z] >>> [apiv2][body] POST https://iam.googleapis.com/v1/projects/codenection2025-19a07/serviceAccounts/codenection2025-19a07@appspot.gserviceaccount.com:testIamPermissions {"permissions":["iam.serviceAccounts.actAs"]}
[debug] [2025-10-10T16:30:44.426Z] <<< [apiv2][status] POST https://iam.googleapis.com/v1/projects/codenection2025-19a07/serviceAccounts/codenection2025-19a07@appspot.gserviceaccount.com:testIamPermissions 200
[debug] [2025-10-10T16:30:44.426Z] <<< [apiv2][body] POST https://iam.googleapis.com/v1/projects/codenection2025-19a07/serviceAccounts/codenection2025-19a07@appspot.gserviceaccount.com:testIamPermissions {"permissions":["iam.serviceAccounts.actAs"]}
[debug] [2025-10-10T16:30:44.428Z] Checked if tokens are valid: true, expires at: 1760117440616
[debug] [2025-10-10T16:30:44.428Z] Checked if tokens are valid: true, expires at: 1760117440616
[debug] [2025-10-10T16:30:44.428Z] >>> [apiv2][query] GET https://firebase.googleapis.com/v1beta1/projects/codenection2025-19a07 [none]
[debug] [2025-10-10T16:30:44.701Z] <<< [apiv2][status] GET https://firebase.googleapis.com/v1beta1/projects/codenection2025-19a07 200
[debug] [2025-10-10T16:30:44.701Z] <<< [apiv2][body] GET https://firebase.googleapis.com/v1beta1/projects/codenection2025-19a07 {"projectId":"codenection2025-19a07","projectNumber":"177603922659","displayName":"Codenection2025","name":"projects/codenection2025-19a07","resources":{"hostingSite":"codenection2025-19a07"},"state":"ACTIVE","etag":"1_0de0031f-5d85-4cf7-b73e-24670ecec687"}
[debug] [2025-10-10T16:30:47.790Z] defaultcredentials: writing to file /home/user/.config/firebase/jxfong357_gmail_com_application_default_credentials.json
[debug] [2025-10-10T16:30:47.808Z] Checked if tokens are valid: true, expires at: 1760117440616
[debug] [2025-10-10T16:30:47.808Z] Checked if tokens are valid: true, expires at: 1760117440616
[debug] [2025-10-10T16:30:47.815Z] >>> [apiv2][query] GET https://firebasehosting.googleapis.com/v1beta1/projects/codenection2025-19a07/sites pageToken=&pageSize=10
[debug] [2025-10-10T16:30:48.404Z] <<< [apiv2][status] GET https://firebasehosting.googleapis.com/v1beta1/projects/codenection2025-19a07/sites 200
[debug] [2025-10-10T16:30:48.408Z] <<< [apiv2][body] GET https://firebasehosting.googleapis.com/v1beta1/projects/codenection2025-19a07/sites {"sites":[{"name":"projects/codenection2025-19a07/sites/codenection2025-19a07","defaultUrl":"https://codenection2025-19a07.web.app","appId":"1:177603922659:web:8c40613dfd94f7a112d3d6","type":"DEFAULT_SITE"}]}
[debug] [2025-10-10T16:30:48.409Z] Checked if tokens are valid: true, expires at: 1760117440616
[debug] [2025-10-10T16:30:48.412Z] Checked if tokens are valid: true, expires at: 1760117440616
[debug] [2025-10-10T16:30:48.412Z] >>> [apiv2][query] GET https://firebase.googleapis.com/v1beta1/projects/-/webApps/1:177603922659:web:8c40613dfd94f7a112d3d6/config [none]
[debug] [2025-10-10T16:30:49.127Z] <<< [apiv2][status] GET https://firebase.googleapis.com/v1beta1/projects/-/webApps/1:177603922659:web:8c40613dfd94f7a112d3d6/config 200
[debug] [2025-10-10T16:30:49.127Z] <<< [apiv2][body] GET https://firebase.googleapis.com/v1beta1/projects/-/webApps/1:177603922659:web:8c40613dfd94f7a112d3d6/config {"projectId":"codenection2025-19a07","appId":"1:177603922659:web:8c40613dfd94f7a112d3d6","storageBucket":"codenection2025-19a07.firebasestorage.app","apiKey":"AIzaSyDwueiKSRfcCwXLC_HxH-WrOoP3N-Wb0N0","authDomain":"codenection2025-19a07.firebaseapp.com","messagingSenderId":"177603922659","measurementId":"G-CL9FMHWK6D","projectNumber":"177603922659","version":"2"}
[info] 
   Thank you for trying our early preview of Next.js support on Firebase Hosting.
   During the preview, support is best-effort and breaking changes can be expected. Proceed with caution.
   The integration is known to work with Next.js version 12 - 15.0. You may encounter errors.

   Documentation: https://firebase.google.com/docs/hosting/frameworks/nextjs
   File a bug: https://github.com/firebase/firebase-tools/issues/new?template=bug_report.md
   Submit a feature request: https://github.com/firebase/firebase-tools/issues/new?template=feature_request.md

   We'd love to learn from you. Express your interest in helping us shape the future of Firebase Hosting: https://goo.gle/41enW5X

[debug] [2025-10-10T16:30:55.609Z] Checked if tokens are valid: true, expires at: 1760117440616
[debug] [2025-10-10T16:30:55.610Z] Checked if tokens are valid: true, expires at: 1760117440616
[debug] [2025-10-10T16:30:55.610Z] >>> [apiv2][query] GET https://firebasehosting.googleapis.com/v1beta1/projects/codenection2025-19a07/sites/codenection2025-19a07 [none]
[debug] [2025-10-10T16:30:55.956Z] <<< [apiv2][status] GET https://firebasehosting.googleapis.com/v1beta1/projects/codenection2025-19a07/sites/codenection2025-19a07 200
[debug] [2025-10-10T16:30:55.957Z] <<< [apiv2][body] GET https://firebasehosting.googleapis.com/v1beta1/projects/codenection2025-19a07/sites/codenection2025-19a07 {"name":"projects/codenection2025-19a07/sites/codenection2025-19a07","defaultUrl":"https://codenection2025-19a07.web.app","appId":"1:177603922659:web:8c40613dfd94f7a112d3d6","type":"DEFAULT_SITE"}
[info]    ▲ Next.js 15.5.3
   - Environments: .env.local, .env.production, .env


[info]    Linting and checking validity of types ...

[info]  ⨯ ESLint: Invalid Options: - Unknown options: useEslintrc, extensions - 'extensions' has been removed.

[info]    Creating an optimized production build ...

[info] Failed to compile.

./src/components/ManualQuoteSevenSteps.js
Module not found: Can't resolve '../lib/firebase'

https://nextjs.org/docs/messages/module-not-found

Import trace for requested module:
./pages/manual-quote.js


[info] 

[info] > Build failed because of webpack errors

[debug] [2025-10-10T16:31:11.026Z] Error: ENOENT: no such file or directory, open '/home/user/Codenection2025/.next/server/middleware-manifest.json'
[error] 
[error] Error: An unexpected error has occurred.
